<?xml version="1.0" encoding="UTF-8"?>
<!-- Generated by org.testng.reporters.JUnitReportReporter -->
<testsuite hostname="VinothKumarG" failures="0" tests="6" name="org.OrangeHRM.TestCase.Verify_Admin_Module" time="141.520" errors="0" timestamp="2023-11-27T22:40:24 IST" skipped="0">
  <testcase classname="org.OrangeHRM.TestCase.Verify_Admin_Module" name="verify_user_able_to_add_emp_status" time="26.728"/>
  <testcase classname="org.OrangeHRM.TestCase.Verify_Admin_Module" name="verify_user_is_able_to_add_pay_grade" time="22.372"/>
  <testcase classname="org.OrangeHRM.TestCase.Verify_Admin_Module" name="verify_user_able_to_add_Job_category" time="28.283"/>
  <testcase classname="org.OrangeHRM.TestCase.Verify_Admin_Module" name="Verify_admin_able_to_create_new_user" time="34.105"/>
  <testcase classname="org.OrangeHRM.TestCase.Verify_Admin_Module" name="verify_user_able_to_add_job_title" time="19.586"/>
  <testcase classname="org.OrangeHRM.TestCase.Verify_Admin_Module" name="verify_user_able_to_add_work_Shift" time="10.446"/>
</testsuite> <!-- org.OrangeHRM.TestCase.Verify_Admin_Module -->
